[0.205s] DEBUG:colcon:Command line arguments: ['/usr/bin/colcon', 'list', '-p', '--base-paths', '/home/luwis/ICSL_Project/Reinforcement_Learning/01_Tic_Tac_Toe']
[0.205s] DEBUG:colcon:Parsed command line arguments: Namespace(base_paths=['/home/luwis/ICSL_Project/Reinforcement_Learning/01_Tic_Tac_Toe'], build_base='build', ignore_user_meta=False, log_base=None, log_level=None, main=<bound method ListVerb.main of <colcon_package_information.verb.list.ListVerb object at 0x7fce7ba4a908>>, metas=['./colcon.meta'], names_only=False, packages_above=None, packages_above_and_dependencies=None, packages_above_depth=None, packages_end=None, packages_ignore=None, packages_ignore_regex=None, packages_select=None, packages_select_build_failed=False, packages_select_by_dep=None, packages_select_regex=None, packages_select_test_failures=False, packages_skip=None, packages_skip_build_finished=False, packages_skip_by_dep=None, packages_skip_regex=None, packages_skip_test_passed=False, packages_skip_up_to=None, packages_start=None, packages_up_to=None, packages_up_to_regex=None, paths=None, paths_only=True, topological_graph=False, topological_graph_density=False, topological_graph_dot=False, topological_graph_dot_cluster=False, topological_graph_dot_include_skipped=False, topological_graph_legend=False, topological_order=False, verb_extension=<colcon_package_information.verb.list.ListVerb object at 0x7fce7ba4a908>, verb_name='list', verb_parser=<colcon_defaults.argument_parser.defaults.DefaultArgumentsDecorator object at 0x7fce7ba56940>)
[0.247s] Level 1:colcon.colcon_core.package_discovery:discover_packages(colcon_meta) check parameters
[0.248s] Level 1:colcon.colcon_core.package_discovery:discover_packages(recursive) check parameters
[0.249s] Level 1:colcon.colcon_core.package_discovery:discover_packages(ignore) check parameters
[0.249s] Level 1:colcon.colcon_core.package_discovery:discover_packages(path) check parameters
[0.250s] Level 1:colcon.colcon_core.package_discovery:discover_packages(recursive) discover
[0.251s] INFO:colcon.colcon_core.package_discovery:Crawling recursively for packages in '/home/luwis/ICSL_Project/Reinforcement_Learning/01_Tic_Tac_Toe'
[0.252s] Level 1:colcon.colcon_core.package_identification:_identify(/home/luwis/ICSL_Project/Reinforcement_Learning/01_Tic_Tac_Toe) by extensions ['ignore', 'ignore_ament_install']
[0.252s] Level 1:colcon.colcon_core.package_identification:_identify(/home/luwis/ICSL_Project/Reinforcement_Learning/01_Tic_Tac_Toe) by extension 'ignore'
[0.253s] Level 1:colcon.colcon_core.package_identification:_identify(/home/luwis/ICSL_Project/Reinforcement_Learning/01_Tic_Tac_Toe) by extension 'ignore_ament_install'
[0.254s] Level 1:colcon.colcon_core.package_identification:_identify(/home/luwis/ICSL_Project/Reinforcement_Learning/01_Tic_Tac_Toe) by extensions ['colcon_pkg']
[0.254s] Level 1:colcon.colcon_core.package_identification:_identify(/home/luwis/ICSL_Project/Reinforcement_Learning/01_Tic_Tac_Toe) by extension 'colcon_pkg'
[0.255s] Level 1:colcon.colcon_core.package_identification:_identify(/home/luwis/ICSL_Project/Reinforcement_Learning/01_Tic_Tac_Toe) by extensions ['colcon_meta']
[0.255s] Level 1:colcon.colcon_core.package_identification:_identify(/home/luwis/ICSL_Project/Reinforcement_Learning/01_Tic_Tac_Toe) by extension 'colcon_meta'
[0.255s] Level 1:colcon.colcon_core.package_identification:_identify(/home/luwis/ICSL_Project/Reinforcement_Learning/01_Tic_Tac_Toe) by extensions ['ros']
[0.255s] Level 1:colcon.colcon_core.package_identification:_identify(/home/luwis/ICSL_Project/Reinforcement_Learning/01_Tic_Tac_Toe) by extension 'ros'
[0.269s] Level 1:colcon.colcon_core.package_identification:_identify(/home/luwis/ICSL_Project/Reinforcement_Learning/01_Tic_Tac_Toe) by extensions ['cmake', 'python']
[0.270s] Level 1:colcon.colcon_core.package_identification:_identify(/home/luwis/ICSL_Project/Reinforcement_Learning/01_Tic_Tac_Toe) by extension 'cmake'
[0.270s] Level 1:colcon.colcon_core.package_identification:_identify(/home/luwis/ICSL_Project/Reinforcement_Learning/01_Tic_Tac_Toe) by extension 'python'
[0.270s] Level 1:colcon.colcon_core.package_identification:_identify(/home/luwis/ICSL_Project/Reinforcement_Learning/01_Tic_Tac_Toe) by extensions ['python_setup_py']
[0.270s] Level 1:colcon.colcon_core.package_identification:_identify(/home/luwis/ICSL_Project/Reinforcement_Learning/01_Tic_Tac_Toe) by extension 'python_setup_py'
[0.270s] Level 1:colcon.colcon_core.package_identification:_identify(/home/luwis/ICSL_Project/Reinforcement_Learning/01_Tic_Tac_Toe/log) by extensions ['ignore', 'ignore_ament_install']
[0.270s] Level 1:colcon.colcon_core.package_identification:_identify(/home/luwis/ICSL_Project/Reinforcement_Learning/01_Tic_Tac_Toe/log) by extension 'ignore'
[0.270s] Level 1:colcon.colcon_core.package_identification:_identify(/home/luwis/ICSL_Project/Reinforcement_Learning/01_Tic_Tac_Toe/log) ignored
[0.271s] Level 1:colcon.colcon_core.package_discovery:discover_packages(recursive) using defaults
